{
  "RSpec": {
    "coverage": {
      "/home/gionaufal/workspace/simple-blogger/config/environment.rb": [
        null,
        1,
        null,
        null,
        1
      ],
      "/home/gionaufal/workspace/simple-blogger/config/application.rb": [
        1,
        null,
        1,
        null,
        1,
        1,
        1,
        1,
        1,
        1,
        1,
        1,
        null,
        null,
        null,
        null,
        1,
        null,
        1,
        1,
        null,
        null,
        null,
        null,
        null
      ],
      "/home/gionaufal/workspace/simple-blogger/config/boot.rb": [
        1,
        null,
        1
      ],
      "/home/gionaufal/workspace/simple-blogger/config/environments/test.rb": [
        1,
        null,
        null,
        null,
        null,
        null,
        null,
        1,
        null,
        null,
        null,
        null,
        1,
        null,
        null,
        1,
        1,
        null,
        null,
        null,
        null,
        1,
        1,
        null,
        null,
        1,
        null,
        null,
        1,
        1,
        null,
        null,
        null,
        null,
        1,
        null,
        null,
        1,
        null,
        null,
        null,
        null
      ],
      "/home/gionaufal/workspace/simple-blogger/config/initializers/application_controller_renderer.rb": [
        null,
        null,
        null,
        null,
        null,
        null
      ],
      "/home/gionaufal/workspace/simple-blogger/config/initializers/assets.rb": [
        null,
        null,
        null,
        1,
        null,
        null,
        null,
        null,
        null,
        null,
        null
      ],
      "/home/gionaufal/workspace/simple-blogger/config/initializers/backtrace_silencers.rb": [
        null,
        null,
        null,
        null,
        null,
        null,
        null
      ],
      "/home/gionaufal/workspace/simple-blogger/config/initializers/cookies_serializer.rb": [
        null,
        null,
        null,
        null,
        1
      ],
      "/home/gionaufal/workspace/simple-blogger/config/initializers/filter_parameter_logging.rb": [
        null,
        null,
        null,
        1
      ],
      "/home/gionaufal/workspace/simple-blogger/config/initializers/inflections.rb": [
        null,
        null,
        null,
        null,
        null,
        null,
        null,
        null,
        null,
        null,
        null,
        null,
        null,
        null,
        null,
        null
      ],
      "/home/gionaufal/workspace/simple-blogger/config/initializers/mime_types.rb": [
        null,
        null,
        null,
        null
      ],
      "/home/gionaufal/workspace/simple-blogger/config/initializers/new_framework_defaults.rb": [
        null,
        null,
        null,
        null,
        null,
        null,
        null,
        1,
        null,
        null,
        1,
        null,
        null,
        null,
        1,
        null,
        null,
        1,
        null,
        null,
        1,
        null,
        null,
        1
      ],
      "/home/gionaufal/workspace/simple-blogger/config/initializers/session_store.rb": [
        null,
        null,
        1
      ],
      "/home/gionaufal/workspace/simple-blogger/config/initializers/simple_form.rb": [
        null,
        1,
        null,
        null,
        null,
        null,
        null,
        1,
        null,
        null,
        null,
        null,
        null,
        null,
        null,
        null,
        null,
        1,
        null,
        null,
        null,
        1,
        null,
        null,
        null,
        null,
        null,
        null,
        null,
        null,
        1,
        null,
        null,
        1,
        null,
        null,
        1,
        null,
        null,
        1,
        null,
        null,
        1,
        1,
        1,
        null,
        null,
        null,
        null,
        null,
        null,
        null,
        null,
        null,
        1,
        null,
        null,
        null,
        null,
        null,
        1,
        null,
        null,
        1,
        null,
        null,
        null,
        null,
        null,
        null,
        null,
        1,
        null,
        null,
        1,
        null,
        null,
        null,
        null,
        null,
        null,
        null,
        null,
        null,
        null,
        null,
        null,
        null,
        null,
        null,
        null,
        null,
        null,
        null,
        null,
        null,
        null,
        null,
        null,
        null,
        null,
        null,
        null,
        null,
        null,
        null,
        null,
        null,
        null,
        null,
        null,
        null,
        null,
        null,
        null,
        null,
        null,
        null,
        null,
        1,
        null,
        null,
        null,
        null,
        null,
        null,
        null,
        null,
        null,
        null,
        null,
        null,
        null,
        null,
        null,
        null,
        null,
        null,
        null,
        null,
        null,
        null,
        null,
        null,
        null,
        null,
        null,
        null,
        null,
        null,
        null,
        null,
        null,
        null,
        null,
        null,
        1,
        null,
        null,
        null,
        null,
        null,
        null,
        null,
        null
      ],
      "/home/gionaufal/workspace/simple-blogger/config/initializers/wrap_parameters.rb": [
        null,
        null,
        null,
        null,
        null,
        null,
        1,
        2,
        null,
        null,
        null,
        null,
        null,
        null
      ],
      "/home/gionaufal/workspace/simple-blogger/spec/factories/article.rb": [
        1,
        1,
        1,
        1,
        null,
        null
      ],
      "/home/gionaufal/workspace/simple-blogger/config/routes.rb": [
        1,
        null,
        1,
        null
      ],
      "/home/gionaufal/workspace/simple-blogger/app/helpers/application_helper.rb": [
        1,
        null
      ],
      "/home/gionaufal/workspace/simple-blogger/spec/support/factory_girl.rb": [
        1,
        1,
        null
      ],
      "/home/gionaufal/workspace/simple-blogger/app/models/article.rb": [
        1,
        null
      ],
      "/home/gionaufal/workspace/simple-blogger/app/models/application_record.rb": [
        1,
        1,
        null
      ],
      "/home/gionaufal/workspace/simple-blogger/app/controllers/home_controller.rb": [
        1,
        1,
        1,
        null,
        null
      ],
      "/home/gionaufal/workspace/simple-blogger/app/controllers/application_controller.rb": [
        1,
        1,
        null
      ]
    },
    "timestamp": 1489864335
  }
}
